Build started 11-02-2015 13:24:55.
     1>Project "E:\Projects\Freelancer\VSS\Volume Shadow Copy\Volume Shadow Copy\Source Code\VSSCopy\VSSCopy.vcxproj" on node 2 (Build target(s)).
     1>ClCompile:
         C:\Program Files (x86)\Microsoft Visual Studio 12.0\VC\bin\x86_amd64\CL.exe /c /Iinc /Zi /nologo /W3 /WX- /O2 /GL /D WIN64 /D NDEBUG /D _CONSOLE /D _UNICODE /D UNICODE /Gm- /EHsc /MD /GS /fp:precise /Zc:wchar_t /Zc:forScope /Yc"stdafx.h" /Fp"tmp\Release-XP\x64\VSSCopy.pch" /Fo"tmp\Release-XP\x64\\" /Fd"tmp\Release-XP\x64\vc120.pdb" /Gd /TP /errorReport:prompt stdafx.cpp
         stdafx.cpp
         C:\Program Files (x86)\Microsoft Visual Studio 12.0\VC\bin\x86_amd64\CL.exe /c /Iinc /Zi /nologo /W3 /WX- /O2 /GL /D WIN64 /D NDEBUG /D _CONSOLE /D _UNICODE /D UNICODE /Gm- /EHsc /MD /GS /fp:precise /Zc:wchar_t /Zc:forScope /Yu"stdafx.h" /Fp"tmp\Release-XP\x64\VSSCopy.pch" /Fo"tmp\Release-XP\x64\\" /Fd"tmp\Release-XP\x64\vc120.pdb" /Gd /TP /errorReport:prompt CBackupState.cpp CComException.cpp CCopyAction.cpp CCopyFilter.cpp CDeleteAction.cpp CDirectoryAction.cpp CFilespecCopyFilter.cpp CVSSCopyException.cpp CIncludeAllCopyFilter.cpp CModifiedSinceCopyFilter.cpp Console.cpp COptions.cpp CParseOptionsException.cpp CWriter.cpp CWriterComponent.cpp VssCopy.cpp OutputWriter.cpp Utilities.cpp
         CBackupState.cpp
         CComException.cpp
         CCopyAction.cpp
         CCopyFilter.cpp
         CDeleteAction.cpp
         CDirectoryAction.cpp
         CFilespecCopyFilter.cpp
         CVSSCopyException.cpp
         CIncludeAllCopyFilter.cpp
         CModifiedSinceCopyFilter.cpp
         Console.cpp
         COptions.cpp
         CParseOptionsException.cpp
         CWriter.cpp
         CWriterComponent.cpp
         VssCopy.cpp
     1>VssCopy.cpp(100): warning C4996: 'wscanf': This function or variable may be unsafe. Consider using wscanf_s instead. To disable deprecation, use _CRT_SECURE_NO_WARNINGS. See online help for details.
                 C:\Program Files (x86)\Microsoft Visual Studio 12.0\VC\include\stdio.h(581) : see declaration of 'wscanf'
     1>VssCopy.cpp(103): warning C4996: 'wscanf': This function or variable may be unsafe. Consider using wscanf_s instead. To disable deprecation, use _CRT_SECURE_NO_WARNINGS. See online help for details.
                 C:\Program Files (x86)\Microsoft Visual Studio 12.0\VC\include\stdio.h(581) : see declaration of 'wscanf'
     1>VssCopy.cpp(106): warning C4996: 'wscanf': This function or variable may be unsafe. Consider using wscanf_s instead. To disable deprecation, use _CRT_SECURE_NO_WARNINGS. See online help for details.
                 C:\Program Files (x86)\Microsoft Visual Studio 12.0\VC\include\stdio.h(581) : see declaration of 'wscanf'
         OutputWriter.cpp
         Utilities.cpp
       Link:
         C:\Program Files (x86)\Microsoft Visual Studio 12.0\VC\bin\x86_amd64\link.exe /ERRORREPORT:PROMPT /OUT:"bin\Release-XP\x64\VSSCopy.exe" /INCREMENTAL:NO /NOLOGO /LIBPATH:lib\winxp\obj\amd64 vss_uuid.lib vssapi.lib msxml2.lib kernel32.lib user32.lib gdi32.lib winspool.lib comdlg32.lib advapi32.lib shell32.lib ole32.lib oleaut32.lib uuid.lib odbc32.lib odbccp32.lib /MANIFEST /MANIFESTUAC:"level='requireAdministrator' uiAccess='false'" /manifest:embed /manifestinput:app.manifest /DEBUG /PDB:"bin\Release-XP\x64\VSSCopy.pdb" /SUBSYSTEM:CONSOLE /OPT:REF /OPT:ICF /LTCG /TLBID:1 /DYNAMICBASE:NO /IMPLIB:"bin\Release-XP\x64\VSSCopy.lib" /MACHINE:X64 "tmp\Release-XP\x64\CBackupState.obj"
         "tmp\Release-XP\x64\CComException.obj"
         "tmp\Release-XP\x64\CCopyAction.obj"
         "tmp\Release-XP\x64\CCopyFilter.obj"
         "tmp\Release-XP\x64\CDeleteAction.obj"
         "tmp\Release-XP\x64\CDirectoryAction.obj"
         "tmp\Release-XP\x64\CFilespecCopyFilter.obj"
         "tmp\Release-XP\x64\CVSSCopyException.obj"
         "tmp\Release-XP\x64\CIncludeAllCopyFilter.obj"
         "tmp\Release-XP\x64\CModifiedSinceCopyFilter.obj"
         "tmp\Release-XP\x64\Console.obj"
         "tmp\Release-XP\x64\COptions.obj"
         "tmp\Release-XP\x64\CParseOptionsException.obj"
         "tmp\Release-XP\x64\CWriter.obj"
         "tmp\Release-XP\x64\CWriterComponent.obj"
         "tmp\Release-XP\x64\VssCopy.obj"
         "tmp\Release-XP\x64\OutputWriter.obj"
         "tmp\Release-XP\x64\stdafx.obj"
         "tmp\Release-XP\x64\Utilities.obj"
         Generating code
         Finished generating code
         VSSCopy.vcxproj -> E:\Projects\Freelancer\VSS\Volume Shadow Copy\Volume Shadow Copy\Source Code\VSSCopy\bin\Release-XP\x64\VSSCopy.exe
     1>Done Building Project "E:\Projects\Freelancer\VSS\Volume Shadow Copy\Volume Shadow Copy\Source Code\VSSCopy\VSSCopy.vcxproj" (Build target(s)).

Build succeeded.

Time Elapsed 00:00:07.56
