e:\projects\freelancer\vss\volume shadow copy\volume shadow copy\source code\vsscopy\tmp\debug\x64\vsscopy.pch
e:\projects\freelancer\vss\volume shadow copy\volume shadow copy\source code\vsscopy\tmp\debug\x64\vc120.pdb
e:\projects\freelancer\vss\volume shadow copy\volume shadow copy\source code\vsscopy\tmp\debug\x64\vc120.idb
e:\projects\freelancer\vss\volume shadow copy\volume shadow copy\source code\vsscopy\tmp\debug\x64\stdafx.obj
e:\projects\freelancer\vss\volume shadow copy\volume shadow copy\source code\vsscopy\tmp\debug\x64\backupjob.obj
e:\projects\freelancer\vss\volume shadow copy\volume shadow copy\source code\vsscopy\tmp\debug\x64\cbackupstate.obj
e:\projects\freelancer\vss\volume shadow copy\volume shadow copy\source code\vsscopy\tmp\debug\x64\ccomexception.obj
e:\projects\freelancer\vss\volume shadow copy\volume shadow copy\source code\vsscopy\tmp\debug\x64\ccopyaction.obj
e:\projects\freelancer\vss\volume shadow copy\volume shadow copy\source code\vsscopy\tmp\debug\x64\ccopyfilter.obj
e:\projects\freelancer\vss\volume shadow copy\volume shadow copy\source code\vsscopy\tmp\debug\x64\cdeleteaction.obj
e:\projects\freelancer\vss\volume shadow copy\volume shadow copy\source code\vsscopy\tmp\debug\x64\cdirectoryaction.obj
e:\projects\freelancer\vss\volume shadow copy\volume shadow copy\source code\vsscopy\tmp\debug\x64\cfilespeccopyfilter.obj
e:\projects\freelancer\vss\volume shadow copy\volume shadow copy\source code\vsscopy\tmp\debug\x64\cvsscopyexception.obj
e:\projects\freelancer\vss\volume shadow copy\volume shadow copy\source code\vsscopy\tmp\debug\x64\cincludeallcopyfilter.obj
e:\projects\freelancer\vss\volume shadow copy\volume shadow copy\source code\vsscopy\tmp\debug\x64\cmodifiedsincecopyfilter.obj
e:\projects\freelancer\vss\volume shadow copy\volume shadow copy\source code\vsscopy\tmp\debug\x64\console.obj
e:\projects\freelancer\vss\volume shadow copy\volume shadow copy\source code\vsscopy\tmp\debug\x64\coptions.obj
e:\projects\freelancer\vss\volume shadow copy\volume shadow copy\source code\vsscopy\tmp\debug\x64\cparseoptionsexception.obj
e:\projects\freelancer\vss\volume shadow copy\volume shadow copy\source code\vsscopy\tmp\debug\x64\cwriter.obj
e:\projects\freelancer\vss\volume shadow copy\volume shadow copy\source code\vsscopy\tmp\debug\x64\cwritercomponent.obj
e:\projects\freelancer\vss\volume shadow copy\volume shadow copy\source code\vsscopy\tmp\debug\x64\vsscopy.obj
e:\projects\freelancer\vss\volume shadow copy\volume shadow copy\source code\vsscopy\tmp\debug\x64\outputwriter.obj
e:\projects\freelancer\vss\volume shadow copy\volume shadow copy\source code\vsscopy\tmp\debug\x64\utilities.obj
e:\projects\freelancer\vss\volume shadow copy\volume shadow copy\source code\vsscopy\tmp\debug\x64\vsscopy.tlog\cl.command.1.tlog
e:\projects\freelancer\vss\volume shadow copy\volume shadow copy\source code\vsscopy\tmp\debug\x64\vsscopy.tlog\cl.read.1.tlog
e:\projects\freelancer\vss\volume shadow copy\volume shadow copy\source code\vsscopy\tmp\debug\x64\vsscopy.tlog\cl.write.1.tlog
e:\projects\freelancer\vss\volume shadow copy\volume shadow copy\source code\vsscopy\tmp\debug\x64\vsscopy.tlog\link-mt.read.1.tlog
e:\projects\freelancer\vss\volume shadow copy\volume shadow copy\source code\vsscopy\tmp\debug\x64\vsscopy.tlog\link.command.1.tlog
e:\projects\freelancer\vss\volume shadow copy\volume shadow copy\source code\vsscopy\tmp\debug\x64\vsscopy.tlog\link.read.1.tlog
e:\projects\freelancer\vss\volume shadow copy\volume shadow copy\source code\vsscopy\tmp\debug\x64\vsscopy.tlog\link.write.1.tlog
